;  LST file generated by mikroListExporter - v.2.0 
; Date/Time: 2/15/2014 10:23:37 PM
;----------------------------------------------

;Address Opcode 	ASM
0x0000	0x2A6A      	GOTO       618
_interrupt:
0x0004	0x00FF      	MOVWF      R15
0x0005	0x0E03      	SWAPF      STATUS, 0
0x0006	0x0183      	CLRF       STATUS
0x0007	0x00B9      	MOVWF      ___saveSTATUS
0x0008	0x080A      	MOVF       PCLATH, 0
0x0009	0x00B8      	MOVWF      ___savePCLATH
0x000A	0x018A      	CLRF       PCLATH
0x000B	0x0870      	MOVF       R0, 0
0x000C	0x00A6      	MOVWF      38
0x000D	0x0871      	MOVF       R1, 0
0x000E	0x00A5      	MOVWF      37
0x000F	0x0872      	MOVF       R2, 0
0x0010	0x00A4      	MOVWF      36
0x0011	0x0874      	MOVF       R4, 0
0x0012	0x00A3      	MOVWF      35
0x0013	0x0878      	MOVF       R8, 0
0x0014	0x00A2      	MOVWF      34
0x0015	0x087C      	MOVF       R12, 0
0x0016	0x00A1      	MOVWF      33
0x0017	0x087D      	MOVF       R13, 0
0x0018	0x00A0      	MOVWF      32
0x0019	0x0829      	MOVF       ___DoICPAddr, 0
0x001A	0x00A7      	MOVWF      39
0x001B	0x082A      	MOVF       42, 0
0x001C	0x00A8      	MOVWF      40
0x001D	0x1C0C      	BTFSS      TMR1IF_bit, BitPos(TMR1IF_bit+0)
0x001E	0x2861      	GOTO       L_interrupt15
0x001F	0x100C      	BCF        TMR1IF_bit, BitPos(TMR1IF_bit+0)
0x0020	0x1683      	BSF        STATUS, 5
0x0021	0x140C      	BSF        TMR1IE_bit, BitPos(TMR1IE_bit+0)
0x0022	0x303C      	MOVLW      60
0x0023	0x1283      	BCF        STATUS, 5
0x0024	0x008F      	MOVWF      TMR1H
0x0025	0x30B0      	MOVLW      176
0x0026	0x008E      	MOVWF      TMR1L
0x0027	0x0AB2      	INCF       _CNT, 1
0x0028	0x1903      	BTFSC      STATUS, 2
0x0029	0x0AB3      	INCF       _CNT+1, 1
0x002A	0x3000      	MOVLW      0
0x002B	0x0633      	XORWF      _CNT+1, 0
0x002C	0x1D03      	BTFSS      STATUS, 2
0x002D	0x2830      	GOTO       L__interrupt70
0x002E	0x3032      	MOVLW      50
0x002F	0x0632      	XORWF      _CNT, 0
L__interrupt70:
0x0030	0x1D03      	BTFSS      STATUS, 2
0x0031	0x2861      	GOTO       L_interrupt16
0x0032	0x01B2      	CLRF       _CNT
0x0033	0x01B3      	CLRF       _CNT+1
0x0034	0x082D      	MOVF       _SS, 0
0x0035	0x3C00      	SUBLW      0
0x0036	0x1C03      	BTFSS      STATUS, 0
0x0037	0x2841      	GOTO       L__interrupt56
0x0038	0x082C      	MOVF       _MM, 0
0x0039	0x3C00      	SUBLW      0
0x003A	0x1C03      	BTFSS      STATUS, 0
0x003B	0x2841      	GOTO       L__interrupt56
0x003C	0x082F      	MOVF       _HH, 0
0x003D	0x3C00      	SUBLW      0
0x003E	0x1C03      	BTFSS      STATUS, 0
0x003F	0x2841      	GOTO       L__interrupt56
0x0040	0x2860      	GOTO       L_interrupt19
L__interrupt56:
0x0041	0x082D      	MOVF       _SS, 0
0x0042	0x3A00      	XORLW      0
0x0043	0x1D03      	BTFSS      STATUS, 2
0x0044	0x2853      	GOTO       L_interrupt22
0x0045	0x082C      	MOVF       _MM, 0
0x0046	0x3A00      	XORLW      0
0x0047	0x1D03      	BTFSS      STATUS, 2
0x0048	0x2853      	GOTO       L_interrupt22
0x0049	0x082F      	MOVF       _HH, 0
0x004A	0x3C00      	SUBLW      0
0x004B	0x1803      	BTFSC      STATUS, 0
0x004C	0x2853      	GOTO       L_interrupt22
L__interrupt55:
0x004D	0x03AF      	DECF       _HH, 1
0x004E	0x303B      	MOVLW      59
0x004F	0x00AC      	MOVWF      _MM
0x0050	0x303B      	MOVLW      59
0x0051	0x00AD      	MOVWF      _SS
0x0052	0x2860      	GOTO       L_interrupt23
L_interrupt22:
0x0053	0x082D      	MOVF       _SS, 0
0x0054	0x3A00      	XORLW      0
0x0055	0x1D03      	BTFSS      STATUS, 2
0x0056	0x285F      	GOTO       L_interrupt26
0x0057	0x082C      	MOVF       _MM, 0
0x0058	0x3C00      	SUBLW      0
0x0059	0x1803      	BTFSC      STATUS, 0
0x005A	0x285F      	GOTO       L_interrupt26
L__interrupt54:
0x005B	0x03AC      	DECF       _MM, 1
0x005C	0x303B      	MOVLW      59
0x005D	0x00AD      	MOVWF      _SS
0x005E	0x2860      	GOTO       L_interrupt27
L_interrupt26:
0x005F	0x03AD      	DECF       _SS, 1
L_interrupt27:
L_interrupt23:
L_interrupt19:
0x0060	0x210A      	CALL       _print_time
L_interrupt16:
L_interrupt15:
L_end_interrupt:
L__interrupt69:
0x0061	0x0827      	MOVF       39, 0
0x0062	0x00A9      	MOVWF      ___DoICPAddr
0x0063	0x0828      	MOVF       40, 0
0x0064	0x00AA      	MOVWF      42
0x0065	0x0826      	MOVF       38, 0
0x0066	0x00F0      	MOVWF      R0
0x0067	0x0825      	MOVF       37, 0
0x0068	0x00F1      	MOVWF      R1
0x0069	0x0824      	MOVF       36, 0
0x006A	0x00F2      	MOVWF      R2
0x006B	0x0823      	MOVF       35, 0
0x006C	0x00F4      	MOVWF      R4
0x006D	0x0822      	MOVF       34, 0
0x006E	0x00F8      	MOVWF      R8
0x006F	0x0821      	MOVF       33, 0
0x0070	0x00FC      	MOVWF      R12
0x0071	0x0820      	MOVF       32, 0
0x0072	0x00FD      	MOVWF      R13
0x0073	0x0838      	MOVF       ___savePCLATH, 0
0x0074	0x008A      	MOVWF      PCLATH
0x0075	0x0E39      	SWAPF      ___saveSTATUS, 0
0x0076	0x0083      	MOVWF      STATUS
0x0077	0x0EFF      	SWAPF      R15, 1
0x0078	0x0E7F      	SWAPF      R15, 0
0x0079	0x0009      	RETFIE
; end of _interrupt
_Mul_16x16_U:
0x007A	0x1283      	BCF        STATUS, 5
0x007B	0x1303      	BCF        STATUS, 6
0x007C	0x01FB      	CLRF       R11
0x007D	0x01FA      	CLRF       R10
0x007E	0x01F9      	CLRF       R9
0x007F	0x3080      	MOVLW      128
0x0080	0x00F8      	MOVWF      R8
0x0081	0x0CF1      	RRF        R1, 1
0x0082	0x0CF0      	RRF        R0, 1
0x0083	0x1C03      	BTFSS      STATUS, 0
0x0084	0x288E      	GOTO       $+10
0x0085	0x0874      	MOVF       R4, 0
0x0086	0x07F9      	ADDWF      R9, 1
0x0087	0x0875      	MOVF       R5, 0
0x0088	0x1803      	BTFSC      STATUS, 0
0x0089	0x0F75      	INCFSZ     R5, 0
0x008A	0x07FA      	ADDWF      R10, 1
0x008B	0x1803      	BTFSC      STATUS, 0
0x008C	0x0AFB      	INCF       R11, 1
0x008D	0x1003      	BCF        STATUS, 0
0x008E	0x1FF0      	BTFSS      R0, 7
0x008F	0x2896      	GOTO       $+7
0x0090	0x0874      	MOVF       R4, 0
0x0091	0x07FA      	ADDWF      R10, 1
0x0092	0x0875      	MOVF       R5, 0
0x0093	0x1803      	BTFSC      STATUS, 0
0x0094	0x0F75      	INCFSZ     R5, 0
0x0095	0x07FB      	ADDWF      R11, 1
0x0096	0x0CFB      	RRF        R11, 1
0x0097	0x0CFA      	RRF        R10, 1
0x0098	0x0CF9      	RRF        R9, 1
0x0099	0x0CF8      	RRF        R8, 1
0x009A	0x1C03      	BTFSS      STATUS, 0
0x009B	0x2881      	GOTO       $-26
0x009C	0x087B      	MOVF       R11, 0
0x009D	0x00F3      	MOVWF      R3
0x009E	0x087A      	MOVF       R10, 0
0x009F	0x00F2      	MOVWF      R2
0x00A0	0x0879      	MOVF       R9, 0
0x00A1	0x00F1      	MOVWF      R1
0x00A2	0x0878      	MOVF       R8, 0
0x00A3	0x00F0      	MOVWF      R0
L_end_Mul_16x16_U:
0x00A4	0x0008      	RETURN
; end of _Mul_16x16_U
_____DoICP:
0x00A5	0x1283      	BCF        STATUS, 5
0x00A6	0x1303      	BCF        STATUS, 6
0x00A7	0x082A      	MOVF       ___DoICPAddr+1, 0
0x00A8	0x008A      	MOVWF      PCLATH
0x00A9	0x0829      	MOVF       ___DoICPAddr, 0
0x00AA	0x0082      	MOVWF      PCL
L_end_____DoICP:
0x00AB	0x0008      	RETURN
; end of _____DoICP
_PWM1_Set_Duty:
0x00AC	0x1683      	BSF        STATUS, 5
0x00AD	0x1303      	BCF        STATUS, 6
0x00AE	0x0812      	MOVF       PR2, 0
0x00AF	0x3E01      	ADDLW      1
0x00B0	0x00F0      	MOVWF      R0
0x00B1	0x01F1      	CLRF       R0+1
0x00B2	0x1803      	BTFSC      STATUS, 0
0x00B3	0x0AF1      	INCF       R0+1, 1
0x00B4	0x1283      	BCF        STATUS, 5
0x00B5	0x0840      	MOVF       FARG_PWM1_Set_Duty_new_duty, 0
0x00B6	0x00F4      	MOVWF      R4
0x00B7	0x01F5      	CLRF       R4+1
0x00B8	0x207A      	CALL       _Mul_16x16_U
0x00B9	0x3006      	MOVLW      6
0x00BA	0x00F2      	MOVWF      R2
0x00BB	0x0870      	MOVF       R0, 0
0x00BC	0x00F4      	MOVWF      R4
0x00BD	0x0871      	MOVF       R0+1, 0
0x00BE	0x00F5      	MOVWF      R4+1
0x00BF	0x0872      	MOVF       R2, 0
L__PWM1_Set_Duty10:
0x00C0	0x1903      	BTFSC      STATUS, 2
0x00C1	0x28C7      	GOTO       L__PWM1_Set_Duty11
0x00C2	0x0CF5      	RRF        R4+1, 1
0x00C3	0x0CF4      	RRF        R4, 1
0x00C4	0x13F5      	BCF        R4+1, 7
0x00C5	0x3EFF      	ADDLW      255
0x00C6	0x28C0      	GOTO       L__PWM1_Set_Duty10
L__PWM1_Set_Duty11:
0x00C7	0x3004      	MOVLW      4
0x00C8	0x00F1      	MOVWF      R1
0x00C9	0x0874      	MOVF       R4, 0
0x00CA	0x00F0      	MOVWF      R0
0x00CB	0x0871      	MOVF       R1, 0
L__PWM1_Set_Duty12:
0x00CC	0x1903      	BTFSC      STATUS, 2
0x00CD	0x28D2      	GOTO       L__PWM1_Set_Duty13
0x00CE	0x0DF0      	RLF        R0, 1
0x00CF	0x1070      	BCF        R0, 0
0x00D0	0x3EFF      	ADDLW      255
0x00D1	0x28CC      	GOTO       L__PWM1_Set_Duty12
L__PWM1_Set_Duty13:
0x00D2	0x3030      	MOVLW      48
0x00D3	0x0570      	ANDWF      R0, 0
0x00D4	0x00F3      	MOVWF      R3
0x00D5	0x0874      	MOVF       R4, 0
0x00D6	0x00F0      	MOVWF      R0
0x00D7	0x0875      	MOVF       R4+1, 0
0x00D8	0x00F1      	MOVWF      R0+1
0x00D9	0x0CF1      	RRF        R0+1, 1
0x00DA	0x0CF0      	RRF        R0, 1
0x00DB	0x13F1      	BCF        R0+1, 7
0x00DC	0x0CF1      	RRF        R0+1, 1
0x00DD	0x0CF0      	RRF        R0, 1
0x00DE	0x13F1      	BCF        R0+1, 7
0x00DF	0x0870      	MOVF       R0, 0
0x00E0	0x0095      	MOVWF      CCPR1L
0x00E1	0x300F      	MOVLW      15
0x00E2	0x0597      	ANDWF      CCP1CON, 1
0x00E3	0x0873      	MOVF       R3, 0
0x00E4	0x0497      	IORWF      CCP1CON, 1
L_end_PWM1_Set_Duty:
0x00E5	0x0008      	RETURN
; end of _PWM1_Set_Duty
_Div_8x8_U:
0x00E6	0x1283      	BCF        STATUS, 5
0x00E7	0x1303      	BCF        STATUS, 6
0x00E8	0x01F8      	CLRF       R8
0x00E9	0x3008      	MOVLW      8
0x00EA	0x00FC      	MOVWF      R12
0x00EB	0x0D70      	RLF        R0, 0
0x00EC	0x0DF8      	RLF        R8, 1
0x00ED	0x0874      	MOVF       R4, 0
0x00EE	0x02F8      	SUBWF      R8, 1
0x00EF	0x1803      	BTFSC      STATUS, 0
0x00F0	0x28F3      	GOTO       $+3
0x00F1	0x07F8      	ADDWF      R8, 1
0x00F2	0x1003      	BCF        STATUS, 0
0x00F3	0x0DF0      	RLF        R0, 1
0x00F4	0x0BFC      	DECFSZ     R12, 1
0x00F5	0x28EB      	GOTO       $-10
L_end_Div_8x8_U:
0x00F6	0x0008      	RETURN
; end of _Div_8x8_U
_PWM1_Init:
0x00F7	0x1283      	BCF        STATUS, 5
0x00F8	0x1303      	BCF        STATUS, 6
0x00F9	0x0195      	CLRF       CCPR1L
0x00FA	0x1217      	BCF        CCP1CON, 4
0x00FB	0x1297      	BCF        CCP1CON, 5
L_end_PWM1_Init:
0x00FC	0x0008      	RETURN
; end of _PWM1_Init
_Delay_500us:
0x00FD	0x3002      	MOVLW      2
0x00FE	0x1283      	BCF        STATUS, 5
0x00FF	0x1303      	BCF        STATUS, 6
0x0100	0x00FC      	MOVWF      R12
0x0101	0x309C      	MOVLW      156
0x0102	0x00FD      	MOVWF      R13
L_Delay_500us4:
0x0103	0x0BFD      	DECFSZ     R13, 1
0x0104	0x2903      	GOTO       L_Delay_500us4
0x0105	0x0BFC      	DECFSZ     R12, 1
0x0106	0x2903      	GOTO       L_Delay_500us4
0x0107	0x0000      	NOP
0x0108	0x0000      	NOP
L_end_Delay_500us:
0x0109	0x0008      	RETURN
; end of _Delay_500us
_print_time:
0x010A	0x1283      	BCF        STATUS, 5
0x010B	0x1303      	BCF        STATUS, 6
0x010C	0x082F      	MOVF       _HH, 0
0x010D	0x3C00      	SUBLW      0
0x010E	0x1803      	BTFSC      STATUS, 0
0x010F	0x2938      	GOTO       L_print_time0
0x0110	0x300A      	MOVLW      10
0x0111	0x00F4      	MOVWF      R4
0x0112	0x082F      	MOVF       _HH, 0
0x0113	0x00F0      	MOVWF      R0
0x0114	0x20E6      	CALL       _Div_8x8_U
0x0115	0x0870      	MOVF       R0, 0
0x0116	0x00B1      	MOVWF      _d1
0x0117	0x300A      	MOVLW      10
0x0118	0x00F4      	MOVWF      R4
0x0119	0x082F      	MOVF       _HH, 0
0x011A	0x00F0      	MOVWF      R0
0x011B	0x20E6      	CALL       _Div_8x8_U
0x011C	0x0878      	MOVF       R8, 0
0x011D	0x00F0      	MOVWF      R0
0x011E	0x0870      	MOVF       R0, 0
0x011F	0x00B0      	MOVWF      _d2
0x0120	0x082C      	MOVF       _MM, 0
0x0121	0x3A00      	XORLW      0
0x0122	0x1D03      	BTFSS      STATUS, 2
0x0123	0x2927      	GOTO       L_print_time1
0x0124	0x01AB      	CLRF       _d3
0x0125	0x01AE      	CLRF       _d4
0x0126	0x2937      	GOTO       L_print_time2
L_print_time1:
0x0127	0x300A      	MOVLW      10
0x0128	0x00F4      	MOVWF      R4
0x0129	0x082C      	MOVF       _MM, 0
0x012A	0x00F0      	MOVWF      R0
0x012B	0x20E6      	CALL       _Div_8x8_U
0x012C	0x0870      	MOVF       R0, 0
0x012D	0x00AB      	MOVWF      _d3
0x012E	0x300A      	MOVLW      10
0x012F	0x00F4      	MOVWF      R4
0x0130	0x082C      	MOVF       _MM, 0
0x0131	0x00F0      	MOVWF      R0
0x0132	0x20E6      	CALL       _Div_8x8_U
0x0133	0x0878      	MOVF       R8, 0
0x0134	0x00F0      	MOVWF      R0
0x0135	0x0870      	MOVF       R0, 0
0x0136	0x00AE      	MOVWF      _d4
L_print_time2:
0x0137	0x2966      	GOTO       L_print_time3
L_print_time0:
0x0138	0x082C      	MOVF       _MM, 0
0x0139	0x3A00      	XORLW      0
0x013A	0x1D03      	BTFSS      STATUS, 2
0x013B	0x293F      	GOTO       L_print_time4
0x013C	0x01B1      	CLRF       _d1
0x013D	0x01B0      	CLRF       _d2
0x013E	0x294F      	GOTO       L_print_time5
L_print_time4:
0x013F	0x300A      	MOVLW      10
0x0140	0x00F4      	MOVWF      R4
0x0141	0x082C      	MOVF       _MM, 0
0x0142	0x00F0      	MOVWF      R0
0x0143	0x20E6      	CALL       _Div_8x8_U
0x0144	0x0870      	MOVF       R0, 0
0x0145	0x00B1      	MOVWF      _d1
0x0146	0x300A      	MOVLW      10
0x0147	0x00F4      	MOVWF      R4
0x0148	0x082C      	MOVF       _MM, 0
0x0149	0x00F0      	MOVWF      R0
0x014A	0x20E6      	CALL       _Div_8x8_U
0x014B	0x0878      	MOVF       R8, 0
0x014C	0x00F0      	MOVWF      R0
0x014D	0x0870      	MOVF       R0, 0
0x014E	0x00B0      	MOVWF      _d2
L_print_time5:
0x014F	0x082D      	MOVF       _SS, 0
0x0150	0x3A00      	XORLW      0
0x0151	0x1D03      	BTFSS      STATUS, 2
0x0152	0x2956      	GOTO       L_print_time6
0x0153	0x01AB      	CLRF       _d3
0x0154	0x01AE      	CLRF       _d4
0x0155	0x2966      	GOTO       L_print_time7
L_print_time6:
0x0156	0x300A      	MOVLW      10
0x0157	0x00F4      	MOVWF      R4
0x0158	0x082D      	MOVF       _SS, 0
0x0159	0x00F0      	MOVWF      R0
0x015A	0x20E6      	CALL       _Div_8x8_U
0x015B	0x0870      	MOVF       R0, 0
0x015C	0x00AB      	MOVWF      _d3
0x015D	0x300A      	MOVLW      10
0x015E	0x00F4      	MOVWF      R4
0x015F	0x082D      	MOVF       _SS, 0
0x0160	0x00F0      	MOVWF      R0
0x0161	0x20E6      	CALL       _Div_8x8_U
0x0162	0x0878      	MOVF       R8, 0
0x0163	0x00F0      	MOVWF      R0
0x0164	0x0870      	MOVF       R0, 0
0x0165	0x00AE      	MOVWF      _d4
L_print_time7:
L_print_time3:
0x0166	0x30FF      	MOVLW      255
0x0167	0x0086      	MOVWF      PORTB
0x0168	0x30FF      	MOVLW      255
0x0169	0x0087      	MOVWF      PORTC
0x016A	0x30FF      	MOVLW      255
0x016B	0x0088      	MOVWF      PORTD
0x016C	0x3010      	MOVLW      16
0x016D	0x00FD      	MOVWF      R13
L_print_time8:
0x016E	0x0BFD      	DECFSZ     R13, 1
0x016F	0x296E      	GOTO       L_print_time8
0x0170	0x0000      	NOP
0x0171	0x0830      	MOVF       _d2, 0
0x0172	0x3A09      	XORLW      9
0x0173	0x1D03      	BTFSS      STATUS, 2
0x0174	0x2977      	GOTO       L_print_time9
0x0175	0x01B0      	CLRF       _d2
0x0176	0x297D      	GOTO       L_print_time10
L_print_time9:
0x0177	0x0830      	MOVF       _d2, 0
0x0178	0x3A00      	XORLW      0
0x0179	0x1D03      	BTFSS      STATUS, 2
0x017A	0x297D      	GOTO       L_print_time11
0x017B	0x3009      	MOVLW      9
0x017C	0x00B0      	MOVWF      _d2
L_print_time11:
L_print_time10:
0x017D	0x082E      	MOVF       _d4, 0
0x017E	0x3A09      	XORLW      9
0x017F	0x1D03      	BTFSS      STATUS, 2
0x0180	0x2983      	GOTO       L_print_time12
0x0181	0x01AE      	CLRF       _d4
0x0182	0x2989      	GOTO       L_print_time13
L_print_time12:
0x0183	0x082E      	MOVF       _d4, 0
0x0184	0x3A00      	XORLW      0
0x0185	0x1D03      	BTFSS      STATUS, 2
0x0186	0x2989      	GOTO       L_print_time14
0x0187	0x3009      	MOVLW      9
0x0188	0x00AE      	MOVWF      _d4
L_print_time14:
L_print_time13:
0x0189	0x082E      	MOVF       _d4, 0
0x018A	0x3E35      	ADDLW      _bcd
0x018B	0x00F0      	MOVWF      R0
0x018C	0x3003      	MOVLW      hi_addr(_bcd)
0x018D	0x1803      	BTFSC      STATUS, 0
0x018E	0x3E01      	ADDLW      1
0x018F	0x00F1      	MOVWF      R0+1
0x0190	0x0870      	MOVF       R0, 0
0x0191	0x00A9      	MOVWF      ___DoICPAddr
0x0192	0x0871      	MOVF       R0+1, 0
0x0193	0x00AA      	MOVWF      ___DoICPAddr+1
0x0194	0x20A5      	CALL       _____DoICP
0x0195	0x118A      	BCF        PCLATH, 3
0x0196	0x120A      	BCF        PCLATH, 4
0x0197	0x00F2      	MOVWF      R2
0x0198	0x3004      	MOVLW      4
0x0199	0x00F1      	MOVWF      R1
0x019A	0x0872      	MOVF       R2, 0
0x019B	0x00F0      	MOVWF      R0
0x019C	0x0871      	MOVF       R1, 0
L__print_time62:
0x019D	0x1903      	BTFSC      STATUS, 2
0x019E	0x29A3      	GOTO       L__print_time63
0x019F	0x0DF0      	RLF        R0, 1
0x01A0	0x1070      	BCF        R0, 0
0x01A1	0x3EFF      	ADDLW      255
0x01A2	0x299D      	GOTO       L__print_time62
L__print_time63:
0x01A3	0x0870      	MOVF       R0, 0
0x01A4	0x0087      	MOVWF      PORTC
0x01A5	0x082B      	MOVF       _d3, 0
0x01A6	0x3E35      	ADDLW      _bcd
0x01A7	0x00F0      	MOVWF      R0
0x01A8	0x3003      	MOVLW      hi_addr(_bcd)
0x01A9	0x1803      	BTFSC      STATUS, 0
0x01AA	0x3E01      	ADDLW      1
0x01AB	0x00F1      	MOVWF      R0+1
0x01AC	0x0870      	MOVF       R0, 0
0x01AD	0x00A9      	MOVWF      ___DoICPAddr
0x01AE	0x0871      	MOVF       R0+1, 0
0x01AF	0x00AA      	MOVWF      ___DoICPAddr+1
0x01B0	0x20A5      	CALL       _____DoICP
0x01B1	0x118A      	BCF        PCLATH, 3
0x01B2	0x120A      	BCF        PCLATH, 4
0x01B3	0x00F2      	MOVWF      R2
0x01B4	0x3004      	MOVLW      4
0x01B5	0x00F1      	MOVWF      R1
0x01B6	0x0872      	MOVF       R2, 0
0x01B7	0x00F0      	MOVWF      R0
0x01B8	0x0871      	MOVF       R1, 0
L__print_time64:
0x01B9	0x1903      	BTFSC      STATUS, 2
0x01BA	0x29BF      	GOTO       L__print_time65
0x01BB	0x0DF0      	RLF        R0, 1
0x01BC	0x1070      	BCF        R0, 0
0x01BD	0x3EFF      	ADDLW      255
0x01BE	0x29B9      	GOTO       L__print_time64
L__print_time65:
0x01BF	0x0870      	MOVF       R0, 0
0x01C0	0x0088      	MOVWF      PORTD
0x01C1	0x0831      	MOVF       _d1, 0
0x01C2	0x3E35      	ADDLW      _bcd
0x01C3	0x00F0      	MOVWF      R0
0x01C4	0x3003      	MOVLW      hi_addr(_bcd)
0x01C5	0x1803      	BTFSC      STATUS, 0
0x01C6	0x3E01      	ADDLW      1
0x01C7	0x00F1      	MOVWF      R0+1
0x01C8	0x0870      	MOVF       R0, 0
0x01C9	0x00A9      	MOVWF      ___DoICPAddr
0x01CA	0x0871      	MOVF       R0+1, 0
0x01CB	0x00AA      	MOVWF      ___DoICPAddr+1
0x01CC	0x20A5      	CALL       _____DoICP
0x01CD	0x118A      	BCF        PCLATH, 3
0x01CE	0x120A      	BCF        PCLATH, 4
0x01CF	0x00F1      	MOVWF      R1
0x01D0	0x3004      	MOVLW      4
0x01D1	0x00F0      	MOVWF      R0
0x01D2	0x0871      	MOVF       R1, 0
0x01D3	0x00F2      	MOVWF      R2
0x01D4	0x0870      	MOVF       R0, 0
L__print_time66:
0x01D5	0x1903      	BTFSC      STATUS, 2
0x01D6	0x29DB      	GOTO       L__print_time67
0x01D7	0x0DF2      	RLF        R2, 1
0x01D8	0x1072      	BCF        R2, 0
0x01D9	0x3EFF      	ADDLW      255
0x01DA	0x29D5      	GOTO       L__print_time66
L__print_time67:
0x01DB	0x0830      	MOVF       _d2, 0
0x01DC	0x3E35      	ADDLW      _bcd
0x01DD	0x00F0      	MOVWF      R0
0x01DE	0x3003      	MOVLW      hi_addr(_bcd)
0x01DF	0x1803      	BTFSC      STATUS, 0
0x01E0	0x3E01      	ADDLW      1
0x01E1	0x00F1      	MOVWF      R0+1
0x01E2	0x0870      	MOVF       R0, 0
0x01E3	0x00A9      	MOVWF      ___DoICPAddr
0x01E4	0x0871      	MOVF       R0+1, 0
0x01E5	0x00AA      	MOVWF      ___DoICPAddr+1
0x01E6	0x20A5      	CALL       _____DoICP
0x01E7	0x118A      	BCF        PCLATH, 3
0x01E8	0x120A      	BCF        PCLATH, 4
0x01E9	0x00F0      	MOVWF      R0
0x01EA	0x0870      	MOVF       R0, 0
0x01EB	0x0472      	IORWF      R2, 0
0x01EC	0x0086      	MOVWF      PORTB
L_end_print_time:
0x01ED	0x0008      	RETURN
; end of _print_time
_pwm_init:
0x01EE	0x1283      	BCF        STATUS, 5
0x01EF	0x1303      	BCF        STATUS, 6
0x01F0	0x1412      	BSF        T2CON, 0
0x01F1	0x1492      	BSF        T2CON, 1
0x01F2	0x304E      	MOVLW      78
0x01F3	0x1683      	BSF        STATUS, 5
0x01F4	0x0092      	MOVWF      PR2
0x01F5	0x20F7      	CALL       _PWM1_Init
0x01F6	0x3046      	MOVLW      70
0x01F7	0x00C0      	MOVWF      FARG_PWM1_Set_Duty_new_duty
0x01F8	0x20AC      	CALL       _PWM1_Set_Duty
L_end_pwm_init:
0x01F9	0x0008      	RETURN
; end of _pwm_init
_PWM1_Start:
0x01FA	0x1683      	BSF        STATUS, 5
0x01FB	0x1303      	BCF        STATUS, 6
0x01FC	0x1107      	BCF        TRISC2_bit, BitPos(TRISC2_bit+0)
0x01FD	0x1283      	BCF        STATUS, 5
0x01FE	0x1512      	BSF        T2CON, 2
0x01FF	0x300C      	MOVLW      12
0x0200	0x0497      	IORWF      CCP1CON, 1
L_end_PWM1_Start:
0x0201	0x0008      	RETURN
; end of _PWM1_Start
_timer_init:
0x0202	0x1283      	BCF        STATUS, 5
0x0203	0x1303      	BCF        STATUS, 6
0x0204	0x1290      	BCF        T1CON, 5
0x0205	0x1210      	BCF        T1CON, 4
0x0206	0x1590      	BSF        T1CON, 3
0x0207	0x1510      	BSF        T1CON, 2
0x0208	0x1090      	BCF        T1CON, 1
0x0209	0x1410      	BSF        T1CON, 0
0x020A	0x303C      	MOVLW      60
0x020B	0x008F      	MOVWF      TMR1H
0x020C	0x30B0      	MOVLW      176
0x020D	0x008E      	MOVWF      TMR1L
0x020E	0x018B      	CLRF       INTCON
0x020F	0x128B      	BCF        INTCON, 5
0x0210	0x100C      	BCF        PIR1, 0
0x0211	0x1683      	BSF        STATUS, 5
0x0212	0x140C      	BSF        PIE1, 0
0x0213	0x110B      	BCF        INTCON, 2
0x0214	0x178B      	BSF        INTCON, 7
0x0215	0x170B      	BSF        INTCON, 6
0x0216	0x3009      	MOVLW      9
0x0217	0x1283      	BCF        STATUS, 5
0x0218	0x0086      	MOVWF      PORTB
0x0219	0x3090      	MOVLW      144
0x021A	0x0087      	MOVWF      PORTC
0x021B	0x0188      	CLRF       PORTD
L_end_timer_init:
0x021C	0x0008      	RETURN
; end of _timer_init
_PWM1_Stop:
0x021D	0x1683      	BSF        STATUS, 5
0x021E	0x1303      	BCF        STATUS, 6
0x021F	0x1507      	BSF        TRISC2_bit, BitPos(TRISC2_bit+0)
0x0220	0x1283      	BCF        STATUS, 5
0x0221	0x1112      	BCF        T2CON, 2
0x0222	0x30F0      	MOVLW      240
0x0223	0x0597      	ANDWF      CCP1CON, 1
L_end_PWM1_Stop:
0x0224	0x0008      	RETURN
; end of _PWM1_Stop
___CC2DW:
_CC2D_Loop1:
0x0225	0x20A5      	CALL       _____DoICP
0x0226	0x118A      	BCF        PCLATH, 3
0x0227	0x120A      	BCF        PCLATH, 4
0x0228	0x0080      	MOVWF      INDF
0x0229	0x0A84      	INCF       FSR, 1
0x022A	0x0AA9      	INCF       ___DoICPAddr, 1
0x022B	0x1903      	BTFSC      STATUS, 2
0x022C	0x0AAA      	INCF       ___DoICPAddr+1, 1
0x022D	0x03F0      	DECF       R0, 1
0x022E	0x1D03      	BTFSS      STATUS, 2
0x022F	0x2A25      	GOTO       _CC2D_Loop1
L_end___CC2DW:
0x0230	0x0008      	RETURN
; end of ___CC2DW
_Button:
0x0231	0x1283      	BCF        STATUS, 5
0x0232	0x1303      	BCF        STATUS, 6
0x0233	0x01BF      	CLRF       Button_rslt_L0
0x0234	0x083B      	MOVF       FARG_Button_pin, 0
0x0235	0x00F1      	MOVWF      R1
0x0236	0x3001      	MOVLW      1
0x0237	0x00F0      	MOVWF      R0
0x0238	0x0871      	MOVF       R1, 0
L__Button5:
0x0239	0x1903      	BTFSC      STATUS, 2
0x023A	0x2A3F      	GOTO       L__Button6
0x023B	0x0DF0      	RLF        R0, 1
0x023C	0x1070      	BCF        R0, 0
0x023D	0x3EFF      	ADDLW      255
0x023E	0x2A39      	GOTO       L__Button5
L__Button6:
0x023F	0x0870      	MOVF       R0, 0
0x0240	0x00BE      	MOVWF      Button_pMask_L0
0x0241	0x083A      	MOVF       FARG_Button_port, 0
0x0242	0x0084      	MOVWF      FSR
0x0243	0x0870      	MOVF       R0, 0
0x0244	0x0500      	ANDWF      INDF, 0
0x0245	0x00F1      	MOVWF      R1
0x0246	0x0871      	MOVF       R1, 0
0x0247	0x3001      	MOVLW      1
0x0248	0x1D03      	BTFSS      STATUS, 2
0x0249	0x3000      	MOVLW      0
0x024A	0x00F0      	MOVWF      R0
0x024B	0x083D      	MOVF       FARG_Button_active_state, 0
0x024C	0x06F0      	XORWF      R0, 1
0x024D	0x1903      	BTFSC      STATUS, 2
0x024E	0x2A67      	GOTO       L_Button0
L_Button1:
0x024F	0x083C      	MOVF       FARG_Button_time_ms, 0
0x0250	0x3C00      	SUBLW      0
0x0251	0x1803      	BTFSC      STATUS, 0
0x0252	0x2A57      	GOTO       L_Button2
0x0253	0x20FD      	CALL       _Delay_500us
0x0254	0x20FD      	CALL       _Delay_500us
0x0255	0x03BC      	DECF       FARG_Button_time_ms, 1
0x0256	0x2A4F      	GOTO       L_Button1
L_Button2:
0x0257	0x083A      	MOVF       FARG_Button_port, 0
0x0258	0x0084      	MOVWF      FSR
0x0259	0x083E      	MOVF       Button_pMask_L0, 0
0x025A	0x0500      	ANDWF      INDF, 0
0x025B	0x00F1      	MOVWF      R1
0x025C	0x0871      	MOVF       R1, 0
0x025D	0x3001      	MOVLW      1
0x025E	0x1D03      	BTFSS      STATUS, 2
0x025F	0x3000      	MOVLW      0
0x0260	0x00F0      	MOVWF      R0
0x0261	0x083D      	MOVF       FARG_Button_active_state, 0
0x0262	0x06F0      	XORWF      R0, 1
0x0263	0x1903      	BTFSC      STATUS, 2
0x0264	0x2A67      	GOTO       L_Button3
0x0265	0x30FF      	MOVLW      255
0x0266	0x00BF      	MOVWF      Button_rslt_L0
L_Button3:
L_Button0:
0x0267	0x083F      	MOVF       Button_rslt_L0, 0
0x0268	0x00F0      	MOVWF      R0
L_end_Button:
0x0269	0x0008      	RETURN
; end of _Button
_main:
0x026A	0x1283      	BCF        STATUS, 5
0x026B	0x1303      	BCF        STATUS, 6
0x026C	0x01AB      	CLRF       _d3
0x026D	0x01AC      	CLRF       _MM
0x026E	0x01AD      	CLRF       _SS
0x026F	0x01AE      	CLRF       _d4
0x0270	0x01AF      	CLRF       _HH
0x0271	0x01B0      	CLRF       _d2
0x0272	0x01B1      	CLRF       _d1
0x0273	0x01B2      	CLRF       _CNT
0x0274	0x01B3      	CLRF       51
0x0275	0x01B4      	CLRF       _oldstatem
0x0276	0x01B5      	CLRF       _timerstart
0x0277	0x1683      	BSF        STATUS, 5
0x0278	0x1703      	BSF        STATUS, 6
0x0279	0x0188      	CLRF       ANSEL
0x027A	0x0189      	CLRF       ANSELH
0x027B	0x1283      	BCF        STATUS, 5
0x027C	0x1387      	BCF        C1ON_bit, BitPos(C1ON_bit+0)
0x027D	0x1388      	BCF        C2ON_bit, BitPos(C2ON_bit+0)
0x027E	0x30FF      	MOVLW      255
0x027F	0x1683      	BSF        STATUS, 5
0x0280	0x1303      	BCF        STATUS, 6
0x0281	0x0085      	MOVWF      TRISA
0x0282	0x0186      	CLRF       TRISB
0x0283	0x300F      	MOVLW      15
0x0284	0x0087      	MOVWF      TRISC
0x0285	0x300F      	MOVLW      15
0x0286	0x0088      	MOVWF      TRISD
0x0287	0x2202      	CALL       _timer_init
L_main28:
0x0288	0x3005      	MOVLW      PORTA
0x0289	0x00BA      	MOVWF      FARG_Button_port
0x028A	0x3001      	MOVLW      1
0x028B	0x00BB      	MOVWF      FARG_Button_pin
0x028C	0x3001      	MOVLW      1
0x028D	0x00BC      	MOVWF      FARG_Button_time_ms
0x028E	0x3001      	MOVLW      1
0x028F	0x00BD      	MOVWF      FARG_Button_active_state
0x0290	0x2231      	CALL       _Button
0x0291	0x0870      	MOVF       R0, 0
0x0292	0x1903      	BTFSC      STATUS, 2
0x0293	0x2A96      	GOTO       L_main30
0x0294	0x3001      	MOVLW      1
0x0295	0x00B4      	MOVWF      _oldstatem
L_main30:
0x0296	0x0834      	MOVF       _oldstatem, 0
0x0297	0x1903      	BTFSC      STATUS, 2
0x0298	0x2AB0      	GOTO       L_main33
0x0299	0x3005      	MOVLW      PORTA
0x029A	0x00BA      	MOVWF      FARG_Button_port
0x029B	0x3001      	MOVLW      1
0x029C	0x00BB      	MOVWF      FARG_Button_pin
0x029D	0x3001      	MOVLW      1
0x029E	0x00BC      	MOVWF      FARG_Button_time_ms
0x029F	0x01BD      	CLRF       FARG_Button_active_state
0x02A0	0x2231      	CALL       _Button
0x02A1	0x0870      	MOVF       R0, 0
0x02A2	0x1903      	BTFSC      STATUS, 2
0x02A3	0x2AB0      	GOTO       L_main33
L__main60:
0x02A4	0x082C      	MOVF       _MM, 0
0x02A5	0x3A3B      	XORLW      59
0x02A6	0x1D03      	BTFSS      STATUS, 2
0x02A7	0x2AAB      	GOTO       L_main34
0x02A8	0x01AC      	CLRF       _MM
0x02A9	0x0AAF      	INCF       _HH, 1
0x02AA	0x2AAC      	GOTO       L_main35
L_main34:
0x02AB	0x0AAC      	INCF       _MM, 1
L_main35:
0x02AC	0x01B4      	CLRF       _oldstatem
0x02AD	0x3001      	MOVLW      1
0x02AE	0x00B5      	MOVWF      _timerstart
0x02AF	0x210A      	CALL       _print_time
L_main33:
0x02B0	0x082D      	MOVF       _SS, 0
0x02B1	0x3A00      	XORLW      0
0x02B2	0x1D03      	BTFSS      STATUS, 2
0x02B3	0x2B33      	GOTO       L_main38
0x02B4	0x082C      	MOVF       _MM, 0
0x02B5	0x3A00      	XORLW      0
0x02B6	0x1D03      	BTFSS      STATUS, 2
0x02B7	0x2B33      	GOTO       L_main38
0x02B8	0x082F      	MOVF       _HH, 0
0x02B9	0x3A00      	XORLW      0
0x02BA	0x1D03      	BTFSS      STATUS, 2
0x02BB	0x2B33      	GOTO       L_main38
0x02BC	0x0835      	MOVF       _timerstart, 0
0x02BD	0x3A01      	XORLW      1
0x02BE	0x1D03      	BTFSS      STATUS, 2
0x02BF	0x2B33      	GOTO       L_main38
L__main59:
0x02C0	0x21EE      	CALL       _pwm_init
0x02C1	0x01B7      	CLRF       _i
L_main39:
0x02C2	0x300A      	MOVLW      10
0x02C3	0x0237      	SUBWF      _i, 0
0x02C4	0x1803      	BTFSC      STATUS, 0
0x02C5	0x2B31      	GOTO       L_main40
0x02C6	0x01B6      	CLRF       _j
L_main41:
0x02C7	0x0836      	MOVF       _j, 0
0x02C8	0x3C05      	SUBLW      5
0x02C9	0x1C03      	BTFSS      STATUS, 0
0x02CA	0x2B02      	GOTO       L_main42
0x02CB	0x21FA      	CALL       _PWM1_Start
0x02CC	0x3093      	MOVLW      147
0x02CD	0x00FC      	MOVWF      R12
0x02CE	0x3019      	MOVLW      25
0x02CF	0x00FD      	MOVWF      R13
L_main43:
0x02D0	0x0BFD      	DECFSZ     R13, 1
0x02D1	0x2AD0      	GOTO       L_main43
0x02D2	0x0BFC      	DECFSZ     R12, 1
0x02D3	0x2AD0      	GOTO       L_main43
0x02D4	0x221D      	CALL       _PWM1_Stop
0x02D5	0x3072      	MOVLW      114
0x02D6	0x00FC      	MOVWF      R12
0x02D7	0x30A1      	MOVLW      161
0x02D8	0x00FD      	MOVWF      R13
L_main44:
0x02D9	0x0BFD      	DECFSZ     R13, 1
0x02DA	0x2AD9      	GOTO       L_main44
0x02DB	0x0BFC      	DECFSZ     R12, 1
0x02DC	0x2AD9      	GOTO       L_main44
0x02DD	0x0000      	NOP
0x02DE	0x0000      	NOP
0x02DF	0x0AB6      	INCF       _j, 1
0x02E0	0x3005      	MOVLW      PORTA
0x02E1	0x00BA      	MOVWF      FARG_Button_port
0x02E2	0x3001      	MOVLW      1
0x02E3	0x00BB      	MOVWF      FARG_Button_pin
0x02E4	0x3001      	MOVLW      1
0x02E5	0x00BC      	MOVWF      FARG_Button_time_ms
0x02E6	0x3001      	MOVLW      1
0x02E7	0x00BD      	MOVWF      FARG_Button_active_state
0x02E8	0x2231      	CALL       _Button
0x02E9	0x0870      	MOVF       R0, 0
0x02EA	0x1903      	BTFSC      STATUS, 2
0x02EB	0x2AEE      	GOTO       L_main45
0x02EC	0x3001      	MOVLW      1
0x02ED	0x00B4      	MOVWF      _oldstatem
L_main45:
0x02EE	0x0834      	MOVF       _oldstatem, 0
0x02EF	0x1903      	BTFSC      STATUS, 2
0x02F0	0x2B01      	GOTO       L_main48
0x02F1	0x3005      	MOVLW      PORTA
0x02F2	0x00BA      	MOVWF      FARG_Button_port
0x02F3	0x3001      	MOVLW      1
0x02F4	0x00BB      	MOVWF      FARG_Button_pin
0x02F5	0x3001      	MOVLW      1
0x02F6	0x00BC      	MOVWF      FARG_Button_time_ms
0x02F7	0x01BD      	CLRF       FARG_Button_active_state
0x02F8	0x2231      	CALL       _Button
0x02F9	0x0870      	MOVF       R0, 0
0x02FA	0x1903      	BTFSC      STATUS, 2
0x02FB	0x2B01      	GOTO       L_main48
L__main58:
0x02FC	0x3006      	MOVLW      6
0x02FD	0x00B6      	MOVWF      _j
0x02FE	0x300B      	MOVLW      11
0x02FF	0x00B7      	MOVWF      _i
0x0300	0x01B4      	CLRF       _oldstatem
L_main48:
0x0301	0x2AC7      	GOTO       L_main41
L_main42:
0x0302	0x3007      	MOVLW      7
0x0303	0x00FB      	MOVWF      R11
0x0304	0x3058      	MOVLW      88
0x0305	0x00FC      	MOVWF      R12
0x0306	0x3059      	MOVLW      89
0x0307	0x00FD      	MOVWF      R13
L_main49:
0x0308	0x0BFD      	DECFSZ     R13, 1
0x0309	0x2B08      	GOTO       L_main49
0x030A	0x0BFC      	DECFSZ     R12, 1
0x030B	0x2B08      	GOTO       L_main49
0x030C	0x0BFB      	DECFSZ     R11, 1
0x030D	0x2B08      	GOTO       L_main49
0x030E	0x0000      	NOP
0x030F	0x0000      	NOP
0x0310	0x3005      	MOVLW      PORTA
0x0311	0x00BA      	MOVWF      FARG_Button_port
0x0312	0x3001      	MOVLW      1
0x0313	0x00BB      	MOVWF      FARG_Button_pin
0x0314	0x3001      	MOVLW      1
0x0315	0x00BC      	MOVWF      FARG_Button_time_ms
0x0316	0x3001      	MOVLW      1
0x0317	0x00BD      	MOVWF      FARG_Button_active_state
0x0318	0x2231      	CALL       _Button
0x0319	0x0870      	MOVF       R0, 0
0x031A	0x1903      	BTFSC      STATUS, 2
0x031B	0x2B1E      	GOTO       L_main50
0x031C	0x3001      	MOVLW      1
0x031D	0x00B4      	MOVWF      _oldstatem
L_main50:
0x031E	0x0834      	MOVF       _oldstatem, 0
0x031F	0x1903      	BTFSC      STATUS, 2
0x0320	0x2B2F      	GOTO       L_main53
0x0321	0x3005      	MOVLW      PORTA
0x0322	0x00BA      	MOVWF      FARG_Button_port
0x0323	0x3001      	MOVLW      1
0x0324	0x00BB      	MOVWF      FARG_Button_pin
0x0325	0x3001      	MOVLW      1
0x0326	0x00BC      	MOVWF      FARG_Button_time_ms
0x0327	0x01BD      	CLRF       FARG_Button_active_state
0x0328	0x2231      	CALL       _Button
0x0329	0x0870      	MOVF       R0, 0
0x032A	0x1903      	BTFSC      STATUS, 2
0x032B	0x2B2F      	GOTO       L_main53
L__main57:
0x032C	0x300B      	MOVLW      11
0x032D	0x00B7      	MOVWF      _i
0x032E	0x01B4      	CLRF       _oldstatem
L_main53:
0x032F	0x0AB7      	INCF       _i, 1
0x0330	0x2AC2      	GOTO       L_main39
L_main40:
0x0331	0x01B5      	CLRF       _timerstart
0x0332	0x2202      	CALL       _timer_init
L_main38:
0x0333	0x2A88      	GOTO       L_main28
L_end_main:
0x0334	0x2B34      	GOTO       $+0
; end of _main
;timer_v1.c,5 :: _bcd
0x0335	0x3400 ;_bcd+0
0x0336	0x3401 ;_bcd+1
0x0337	0x3402 ;_bcd+2
0x0338	0x3403 ;_bcd+3
0x0339	0x3404 ;_bcd+4
0x033A	0x3405 ;_bcd+5
0x033B	0x3406 ;_bcd+6
0x033C	0x3407 ;_bcd+7
0x033D	0x3408 ;_bcd+8
0x033E	0x3409 ;_bcd+9
; end of _bcd
Symbol List:
//** Routines locations **
//ADDRESS    SIZE    PROCEDURE
//----------------------------------------------
0x0004     [118]    _interrupt
0x007A      [43]    _Mul_16x16_U
0x00A5       [7]    _____DoICP
0x00AC      [58]    _PWM1_Set_Duty
0x00E6      [17]    _Div_8x8_U
0x00F7       [6]    _PWM1_Init
0x00FD      [13]    _Delay_500us
0x010A     [228]    _print_time
0x01EE      [12]    _pwm_init
0x01FA       [8]    _PWM1_Start
0x0202      [27]    _timer_init
0x021D       [8]    _PWM1_Stop
0x0225      [12]    ___CC2DW
0x0231      [57]    _Button
0x026A     [203]    _main
//** Variables locations ** 
//ADDRESS    SIZE    VARIABLE
//----------------------------------------------
0x0000       [1]    INDF
0x0002       [1]    PCL
0x0003       [1]    STATUS
0x0004       [1]    FSR
0x0005       [1]    PORTA
0x0006       [1]    PORTB
0x0007       [1]    PORTC
0x0008       [1]    PORTD
0x000A       [1]    PCLATH
0x000B       [1]    INTCON
0x000C       [1]    PIR1
0x000C       [0]    TMR1IF_bit
0x000E       [1]    TMR1L
0x000F       [1]    TMR1H
0x0010       [1]    T1CON
0x0012       [1]    T2CON
0x0015       [1]    CCPR1L
0x0017       [1]    CCP1CON
0x0029       [2]    ___DoICPAddr
0x002B       [1]    _d3
0x002C       [1]    _MM
0x002D       [1]    _SS
0x002E       [1]    _d4
0x002F       [1]    _HH
0x0030       [1]    _d2
0x0031       [1]    _d1
0x0032       [2]    _CNT
0x0034       [1]    _oldstatem
0x0035       [1]    _timerstart
0x0036       [1]    _j
0x0037       [1]    _i
0x0038       [1]    ___savePCLATH
0x0039       [1]    ___saveSTATUS
0x003A       [1]    FARG_Button_port
0x003B       [1]    FARG_Button_pin
0x003C       [1]    FARG_Button_time_ms
0x003D       [1]    FARG_Button_active_state
0x003E       [1]    Button_pMask_L0
0x003F       [1]    Button_rslt_L0
0x0040       [4]    FARG_PWM1_Init_PWM_Freq
0x0040       [1]    FARG_PWM1_Set_Duty_new_duty
0x0070       [1]    R0
0x0071       [1]    R1
0x0072       [1]    R2
0x0073       [1]    R3
0x0074       [1]    R4
0x0075       [1]    R5
0x0076       [1]    R6
0x0077       [1]    R7
0x0078       [1]    R8
0x0079       [1]    R9
0x007A       [1]    R10
0x007B       [1]    R11
0x007C       [1]    R12
0x007D       [1]    R13
0x007E       [1]    R14
0x007F       [1]    R15
0x0085       [1]    TRISA
0x0086       [1]    TRISB
0x0087       [1]    TRISC
0x0087       [0]    TRISC2_bit
0x0088       [1]    TRISD
0x008C       [1]    PIE1
0x008C       [0]    TMR1IE_bit
0x0092       [1]    PR2
0x0107       [0]    C1ON_bit
0x0108       [0]    C2ON_bit
0x0188       [1]    ANSEL
0x0189       [1]    ANSELH
//** Constants locations ** 
//ADDRESS    SIZE    CONSTANT
//----------------------------------------------
0x0335      [10]    _bcd
//** Label List: ** 
//----------------------------------------------
  L_print_time0
  L_print_time1
  L_print_time2
  L_print_time3
  L_print_time4
  L_print_time5
  L_print_time6
  L_print_time7
  L_print_time8
  L_print_time9
  L_print_time10
  L_print_time11
  L_print_time12
  L_print_time13
  L_print_time14
  L_interrupt15
  L_interrupt16
  L_interrupt17
  L_interrupt18
  L_interrupt19
  L_interrupt20
  L_interrupt21
  L_interrupt22
  L_interrupt23
  L_interrupt24
  L_interrupt25
  L_interrupt26
  L_interrupt27
  L_main28
  L_main29
  L_main30
  L_main31
  L_main32
  L_main33
  L_main34
  L_main35
  L_main36
  L_main37
  L_main38
  L_main39
  L_main40
  L_main41
  L_main42
  L_main43
  L_main44
  L_main45
  L_main46
  L_main47
  L_main48
  L_main49
  L_main50
  L_main51
  L_main52
  L_main53
  L__interrupt54
  L__interrupt55
  L__interrupt56
  L__main57
  L__main58
  L__main59
  L__main60
  L_end_print_time
  _print_time
  L__print_time62
  L__print_time63
  L__print_time64
  L__print_time65
  L__print_time66
  L__print_time67
  L_end_interrupt
  _interrupt
  L__interrupt69
  L__interrupt70
  L_end_timer_init
  _timer_init
  L_end_pwm_init
  _pwm_init
  L_end_main
  _main
  L_Button0
  L_Button1
  L_Button2
  L_Button3
  L_end_Button
  _Button
  L__Button5
  L__Button6
  L_Delay_10us0
  L_Delay_22us1
  L_Delay_50us2
  L_Delay_80us3
  L_Delay_500us4
  L_Delay_5500us5
  L_Delay_1ms6
  L_Delay_5ms7
  L_Delay_8ms8
  L_Delay_10ms9
  L_Delay_100ms10
  L_Delay_1sec11
  L_boot16_Delay_5ms12
  L_Delay_Cyc13
  L_Delay_Cyc14
  L_VDelay_ms15
  L_VDelay_ms16
  L_VDelay_ms17
  L_VDelay_Advanced_ms18
  L_VDelay_Advanced_ms19
  L_VDelay_Advanced_ms20
  L_end_Get_Fosc_kHz
  _Get_Fosc_kHz
  L_end_Delay_1us
  _Delay_1us
  L_end_Delay_10us
  _Delay_10us
  L_end_Delay_22us
  _Delay_22us
  L_end_Delay_50us
  _Delay_50us
  L_end_Delay_80us
  _Delay_80us
  L_end_Delay_500us
  _Delay_500us
  L_end_Delay_5500us
  _Delay_5500us
  L_end_Delay_1ms
  _Delay_1ms
  L_end_Delay_5ms
  _Delay_5ms
  L_end_Delay_8ms
  _Delay_8ms
  L_end_Delay_10ms
  _Delay_10ms
  L_end_Delay_100ms
  _Delay_100ms
  L_end_Delay_1sec
  _Delay_1sec
  L_end_boot16_Delay_5ms
  _boot16_Delay_5ms
  L_end_Delay_Cyc
  _Delay_Cyc
  L_end_VDelay_ms
  _VDelay_ms
  L__VDelay_ms38
  L__VDelay_ms39
  L__VDelay_ms40
  L_end_VDelay_Advanced_ms
  _VDelay_Advanced_ms
  L__VDelay_Advanced_ms42
  L__VDelay_Advanced_ms43
  L__VDelay_Advanced_ms44
  L_Div_16x16_S0
  L_Div_16x16_S1
  LOOPS3232A
  SADD22LA
  SOK22LA
  SADD22L8
  SOK22L8
  LOOPS3232B
  SADD22LB
  SOK22LB
  SADD22L16
  SOK22L16
  LOOPS3232C
  SADD22LC
  SOK22LC
  SADD22L24
  SOK22L24
  LOOPS3232D
  SADD22LD
  SOK22LD
  SOK22L
  L_Div_32x32_S6
  L_Div_32x32_S7
  L_Div_32x32_S8
  L_Div_32x32_S9
  FXD3232S
  END_ALL
  CA3232S
  C3232SX
  C3232SX1
  C3232S
  C3232S2
  C3232SX4
  C3232SOK
  C3232SX3
  C3232SX2
  avoid_comfrem
  LOOPU3232A
  UADD22LA
  UOK22LA
  UADD22L8
  UOK22L8
  LOOPU3232B
  UADD22LB
  UOK22LB
  UADD22L16
  UOK22L16
  LOOPU3232C
  UADD22LC
  UOK22LC
  UADD22L24
  UOK22L24
  LOOPU3232D
  UADD22LD
  UOK22LD
  UOK22L
  _NEXT
  _EXIT2
  _LOOP
  _EXIT1
  _IF_FIRST
  _IF_SECOND
  _INVERCE_FIRST
  _MULT
  _INBERSE_SECOND
  _EXIT
  L_end_Mul_8x8_U
  _Mul_8x8_U
  L_end_Mul_16x16_U
  _Mul_16x16_U
  L_end_Div_8x8_U
  _Div_8x8_U
  L_end_Div_16x16_U
  _Div_16x16_U
  L_end_Mul_8x8_S
  _Mul_8x8_S
  L_end_Mul_16x16_S
  _Mul_16x16_S
  L_end_Div_16x16_S_L
  _Div_16x16_S_L
  L_end_Div_16x16_S
  _Div_16x16_S
  L_end_Div_8x8_S
  _Div_8x8_S
  L_end_SDIV3232L
  _SDIV3232L
  L_end_COMFREM
  _COMFREM
  L_end_Div_32x32_S
  _Div_32x32_S
  L_end_Div_32x32_U
  _Div_32x32_U
  L_end_Mul_32x32_U
  _Mul_32x32_U
  L_end_Mul_32x32_S
  _Mul_32x32_S
  L_end_PWM2_Init
  _PWM2_Init
  L_end_PWM2_Set_Duty
  _PWM2_Set_Duty
  L__PWM2_Set_Duty2
  L__PWM2_Set_Duty3
  L__PWM2_Set_Duty4
  L__PWM2_Set_Duty5
  L_end_PWM2_Start
  _PWM2_Start
  L_end_PWM2_Stop
  _PWM2_Stop
  L_end_PWM1_Init
  _PWM1_Init
  L_end_PWM1_Set_Duty
  _PWM1_Set_Duty
  L__PWM1_Set_Duty10
  L__PWM1_Set_Duty11
  L__PWM1_Set_Duty12
  L__PWM1_Set_Duty13
  L_end_PWM1_Start
  _PWM1_Start
  L_end_PWM1_Stop
  _PWM1_Stop
  L_loopCA2AWs
  L_CA2AWend
  _CCA2AW_Loop1
  L_loopCS2Ss
  L_CS2Send
  _CCS2S_Loop1
  L_CCS2Send
  L_loopFZinSWs
  L_FZinSend
  _CC2D_Loop1
  L_end_____DoICP
  _____DoICP
  L_end_____DoIFC
  _____DoIFC
  L_end___CA2AW
  ___CA2AW
  L_end___CCA2AW
  ___CCA2AW
  L_end___CS2S
  ___CS2S
  L_end___CCS2S
  ___CCS2S
  L_end___FZinS
  ___FZinS
  L_end___CC2DW
  ___CC2DW
  L_end_Swap
  _Swap
  L_print_time0
  L_print_time1
  L_print_time2
  L_print_time3
  L_print_time4
  L_print_time5
  L_print_time6
  L_print_time7
  L_print_time8
  L_print_time9
  L_print_time10
  L_print_time11
  L_print_time12
  L_print_time13
  L_print_time14
  L_interrupt15
  L_interrupt16
  L_interrupt17
  L_interrupt18
  L_interrupt19
  L_interrupt20
  L_interrupt21
  L_interrupt22
  L_interrupt23
  L_interrupt24
  L_interrupt25
  L_interrupt26
  L_interrupt27
  L_main28
  L_main29
  L_main30
  L_main31
  L_main32
  L_main33
  L_main34
  L_main35
  L_main36
  L_main37
  L_main38
  L_main39
  L_main40
  L_main41
  L_main42
  L_main43
  L_main44
  L_main45
  L_main46
  L_main47
  L_main48
  L_main49
  L_main50
  L_main51
  L_main52
  L_main53
  L__interrupt54
  L__interrupt55
  L__interrupt56
  L__main57
  L__main58
  L__main59
  L__main60
  L_end_print_time
  _print_time
  L__print_time62
  L__print_time63
  L__print_time64
  L__print_time65
  L__print_time66
  L__print_time67
  L_end_interrupt
  _interrupt
  L__interrupt69
  L__interrupt70
  L_end_timer_init
  _timer_init
  L_end_pwm_init
  _pwm_init
  L_end_main
  _main
